<?xml version="1.0"?>
<testsuite name="Chrome Headless 115.0.5790.114 (Mac OS 10.15.7)" package="" timestamp="2023-07-31T16:52:48" id="0" hostname="Abds-MacBook-Pro.local" tests="6" errors="0" failures="0" time="10.21">
  <properties>
    <property name="browser.fullName" value="Mozilla/5.0 (Macintosh; Intel Mac OS X 10_15_7) AppleWebKit/537.36 (KHTML, like Gecko) HeadlessChrome/115.0.5790.114 Safari/537.36"/>
  </properties>
  <testcase name="AppComponent should create the app" time="1.822" classname="AppComponent"/>
  <testcase name="AppComponent should have toolbar" time="0.618" classname="AppComponent"/>
  <testcase name="GeneralHttpInterceptor should be created" time="0.461" classname="GeneralHttpInterceptor"/>
  <testcase name="JsonToTaskFieldsPipe create an instance" time="0.002" classname="JsonToTaskFieldsPipe"/>
  <testcase name="TaskDialogComponent should create" time="1.776" classname="TaskDialogComponent"/>
  <testcase name="TasksComponent should create" time="5.531" classname="TasksComponent"/>
  <system-out>
    <![CDATA[
]]>
  </system-out>
  <system-err/>
</testsuite>