<?xml version="1.0"?>
<testsuite name="Chrome Headless 115.0.5790.114 (Mac OS 10.15.7)" package="" timestamp="2023-07-31T16:05:58" id="0" hostname="Abds-MacBook-Pro.local" tests="0" errors="0" failures="0" time="0">
  <properties>
    <property name="browser.fullName" value="Mozilla/5.0 (Macintosh; Intel Mac OS X 10_15_7) AppleWebKit/537.36 (KHTML, like Gecko) HeadlessChrome/115.0.5790.114 Safari/537.36"/>
  </properties>
  <system-out>
    <![CDATA[
]]>
  </system-out>
  <system-err/>
</testsuite>